
[Test worker] INFO  co.com.sofka.pages.LoginPage  - Ingresando username...
[Test worker] INFO  co.com.sofka.pages.LoginPage  - Ingresando password...
[Test worker] INFO  co.com.sofka.pages.LoginPage  - Click en el boton login...
[Test worker] INFO  co.com.sofka.pages.LoginPage  - Ingresando username...
[Test worker] INFO  co.com.sofka.pages.LoginPage  - Ingresando password...
[Test worker] INFO  co.com.sofka.pages.LoginPage  - Click en el boton login...
[Test worker] INFO  co.com.sofka.pages.LoginPage  - Ingresando username...
[Test worker] INFO  co.com.sofka.pages.LoginPage  - Ingresando password...
[Test worker] INFO  co.com.sofka.pages.LoginPage  - Click en el boton login...
[Test worker] INFO  co.com.sofka.pages.LoginPage  - Ingresando username...
[Test worker] INFO  co.com.sofka.pages.LoginPage  - Ingresando password...
[Test worker] INFO  co.com.sofka.pages.LoginPage  - Click en el boton login...
[Test worker] INFO  co.com.sofka.pages.LoginPage  - Ingresando username...
[Test worker] INFO  co.com.sofka.pages.LoginPage  - Ingresando password...
[Test worker] INFO  co.com.sofka.pages.LoginPage  - Click en el boton login...
[Test worker] INFO  co.com.sofka.pages.LoginPage  - Comparando resultados...
[Test worker] INFO  co.com.sofka.pages.LoginPage  - Ingresando username...
[Test worker] INFO  co.com.sofka.pages.LoginPage  - Ingresando password...
[Test worker] INFO  co.com.sofka.pages.LoginPage  - Click en el boton login...
[Test worker] INFO  co.com.sofka.pages.LoginPage  - Comparando resultados...
[Test worker] INFO  co.com.sofka.pages.LoginPage  - Ingresando username...
[Test worker] INFO  co.com.sofka.pages.LoginPage  - Ingresando password...
[Test worker] INFO  co.com.sofka.pages.LoginPage  - Click en el boton login...
[Test worker] INFO  co.com.sofka.pages.LoginPage  - Comparando resultados...
[Test worker] INFO  co.com.sofka.pages.LoginPage  - Ingresando username...
[Test worker] INFO  co.com.sofka.pages.LoginPage  - Ingresando password...
[Test worker] INFO  co.com.sofka.pages.LoginPage  - Click en el boton login...
[Test worker] INFO  co.com.sofka.pages.LoginPage  - Comparando resultados...
[Test worker] INFO  co.com.sofka.pages.LoginPage  - Ingresando username...
[Test worker] INFO  co.com.sofka.pages.LoginPage  - Ingresando password...
[Test worker] INFO  co.com.sofka.pages.LoginPage  - Click en el boton login...
[Test worker] INFO  co.com.sofka.pages.LoginPage  - Comparando resultados...
[Test worker] INFO  co.com.sofka.pages.LoginPage  - Ingresando username...
[Test worker] INFO  co.com.sofka.pages.LoginPage  - Ingresando password...
[Test worker] INFO  co.com.sofka.pages.LoginPage  - Click en el boton login...
[Test worker] INFO  co.com.sofka.pages.LoginPage  - Comparando resultados...
[Test worker] INFO  co.com.sofka.pages.LoginPage  - Ingresando username...
[Test worker] INFO  co.com.sofka.pages.LoginPage  - Ingresando password...
[Test worker] INFO  co.com.sofka.pages.LoginPage  - Click en el boton login...
[Test worker] INFO  co.com.sofka.pages.LoginPage  - Comparando resultados...
[Test worker] INFO  co.com.sofka.pages.LoginPage  - Ingresando username...
[Test worker] INFO  co.com.sofka.pages.LoginPage  - Ingresando password...
[Test worker] INFO  co.com.sofka.pages.LoginPage  - Click en el boton login...
[Test worker] INFO  co.com.sofka.pages.LoginPage  - Comparando resultados...
[Test worker] INFO  co.com.sofka.pages.LoginPage  - Realizando login...
[Test worker] INFO  co.com.sofka.pages.LoginPage  - Click en el boton Add to cart...
[Test worker] INFO  co.com.sofka.pages.LoginPage  - Click en el carrito...
[Test worker] INFO  co.com.sofka.pages.LoginPage  - Comparando resultados...
[Test worker] INFO  co.com.sofka.pages.LoginPage  - Realizando login...
[Test worker] INFO  co.com.sofka.pages.LoginPage  - Click en el boton Add to cart...
[Test worker] INFO  co.com.sofka.pages.LoginPage  - Click en el carrito...
[Test worker] INFO  co.com.sofka.pages.LoginPage  - Comparando resultados...
[Test worker] INFO  co.com.sofka.pages.LoginPage  - Ingresando username...
[Test worker] INFO  co.com.sofka.pages.LoginPage  - Ingresando password...
[Test worker] INFO  co.com.sofka.pages.LoginPage  - Click en el boton login...
[Test worker] INFO  co.com.sofka.pages.LoginPage  - Comparando resultados...
[Test worker] INFO  co.com.sofka.pages.LoginPage  - Ingresando username...
[Test worker] INFO  co.com.sofka.pages.LoginPage  - Ingresando password...
[Test worker] INFO  co.com.sofka.pages.LoginPage  - Click en el boton login...
[Test worker] INFO  co.com.sofka.pages.LoginPage  - Comparando resultados...
[Test worker] INFO  co.com.sofka.pages.LoginPage  - Ingresando username...
[Test worker] INFO  co.com.sofka.pages.LoginPage  - Ingresando password...
[Test worker] INFO  co.com.sofka.pages.LoginPage  - Click en el boton login...
[Test worker] INFO  co.com.sofka.pages.LoginPage  - Comparando resultados...
[Test worker] INFO  co.com.sofka.pages.LoginPage  - Ingresando username...
[Test worker] INFO  co.com.sofka.pages.LoginPage  - Ingresando password...
[Test worker] INFO  co.com.sofka.pages.LoginPage  - Click en el boton login...
[Test worker] INFO  co.com.sofka.pages.LoginPage  - Comparando resultados...
[Test worker] INFO  co.com.sofka.pages.LoginPage  - Realizando login...
[Test worker] INFO  co.com.sofka.pages.LoginPage  - INICIANDO ADD TO CART TEST...
[Test worker] INFO  co.com.sofka.pages.LoginPage  - Click en el boton Add to cart...
[Test worker] INFO  co.com.sofka.pages.LoginPage  - Click en el carrito...
[Test worker] INFO  co.com.sofka.pages.LoginPage  - Comparando resultados...
[Test worker] INFO  co.com.sofka.pages.LoginPage  - Realizando login...
[Test worker] INFO  co.com.sofka.pages.LoginPage  - Agregando productos al carrito...
[Test worker] INFO  co.com.sofka.pages.LoginPage  - Click en el boton checkout...
[Test worker] INFO  co.com.sofka.pages.LoginPage  - Generando datos con javafaker...
[Test worker] INFO  co.com.sofka.pages.LoginPage  - Ingresando firstName...
[Test worker] INFO  co.com.sofka.pages.LoginPage  - Ingresando lasttName...
[Test worker] INFO  co.com.sofka.pages.LoginPage  - Ingresando postalCode...
[Test worker] INFO  co.com.sofka.pages.LoginPage  - Click en el boton continue...
[Test worker] INFO  co.com.sofka.pages.LoginPage  - Click en el boton Finish...
[Test worker] INFO  co.com.sofka.pages.LoginPage  - Comprobando resultados...
[Test worker] INFO  co.com.sofka.pages.LoginPage  - INICIANDO LOGIN STANDARD TEST...
[Test worker] INFO  co.com.sofka.pages.LoginPage  - Ingresando username...
[Test worker] INFO  co.com.sofka.pages.LoginPage  - Ingresando password...
[Test worker] INFO  co.com.sofka.pages.LoginPage  - Click en el boton login...
[Test worker] INFO  co.com.sofka.pages.LoginPage  - Comparando resultados...
[Test worker] INFO  co.com.sofka.pages.LoginPage  - INICIANDO LOGIN LOCKED TEST...
[Test worker] INFO  co.com.sofka.pages.LoginPage  - Ingresando username...
[Test worker] INFO  co.com.sofka.pages.LoginPage  - Ingresando password...
[Test worker] INFO  co.com.sofka.pages.LoginPage  - Click en el boton login...
[Test worker] INFO  co.com.sofka.pages.LoginPage  - Comparando resultados...
[Test worker] ERROR co.com.sofka.pages.LoginPage  - ERROR, NO SE ENCONTRO EL ELEMENTO
[Test worker] INFO  co.com.sofka.pages.LoginPage  - INICIANDO LOGIN PROBLEM TEST...
[Test worker] INFO  co.com.sofka.pages.LoginPage  - Ingresando username...
[Test worker] INFO  co.com.sofka.pages.LoginPage  - Ingresando password...
[Test worker] INFO  co.com.sofka.pages.LoginPage  - Click en el boton login...
[Test worker] INFO  co.com.sofka.pages.LoginPage  - Comparando resultados...
[Test worker] INFO  co.com.sofka.pages.LoginPage  - INICIANDO LOGIN PERFORMANCE TEST...
[Test worker] INFO  co.com.sofka.pages.LoginPage  - Ingresando username...
[Test worker] INFO  co.com.sofka.pages.LoginPage  - Ingresando password...
[Test worker] INFO  co.com.sofka.pages.LoginPage  - Click en el boton login...
[Test worker] INFO  co.com.sofka.pages.LoginPage  - Comparando resultados...
